433
P
rate
p
b
M
over
di
si
ri
i
rates
km
pose
done
x
such
LN
la
plot
e
d
tains
aver
node
round
c
host
pick
rather
rs
k
sent
lost
pair
ball
taining
base
headers
move
mind
book
F
bps
mes
real
latter
net
tool
wire
mac
full
com
ross
most
less
yet
soon
neer
line
come
flip
morse
hath
god
wrought
bell
neal
o
g
lo
gain
homes
us
carry
ways
wide
hand
walls
wall
forth
key
mine
vast
reach
tre
fers
mid
seen
games
slowing
cre
peer
dia
fun
ground
port
may
core
case
lower
diving
ture
set
tates
note
cate
better
bing
bay
gmail
men
cable
xie
tem
side
code
wants
des
fix
few
buffers
gen
num
ber
match
train
mode
lead
r
put
ony
pumps
later
tight
game
nection
non
tear
ON
nor
es
al
missing
fair
pump
cope
lack
fer
heads
block
sense
log
vice
lee
caught
eye
ple
cast
low
sites
senses
gif
worry
cor
deep
ine
nates
finds
modes
han
RTT
causes
pending
fr
carriage
feed
lowed
POST
resides
bother
sp
cr
lf
ging
date
tue
aug
ini
tial
meat
ver
sion
erated
codes
moved
rec
cis
dle
wishes
pur
poses
ID
cart
enter
logs
ses
sell
bot
hrowser
sum
hetween
tens
hecomes
hound
lates
hut
hit
hy
fied
ware
heen
sat
oct
wed
sep
handwidth
ward
ve
cook
hack
tied
moves
hoth
band
tree
hrief
mands
helow
mand
heginning
hecome
pow
hefore
boh
save
jour
ney
jack
fisher
mover
reading
days
tioned
senders
dates
hody
era
pain
heing
hasic
sce
nario
hong
kong
lish
tries
hegins
ham
CR
LF
huild
hriefly
loads
hlank
sub
nat
sity
hecause
cur
post
mark
marked
dele
fea
MIME
hrowsers
hased
fier
cs
fore
hytes
hottom
west
coast
VIA
MX
cated
rotation
hook
ning
hlack
hox
root
fig
ure
mt
CA
f
VA
MD
h
ARL
j
US
OH
USC
ISI
del
rey
l
fall
ca
jp
IANA
hold
lated
eight
tive
hehind
ond
hypass
bar
foo
NS
sim
cal
gram
hrought
fee
reg
duck
pack
ets
se
tar
hash
hegin
patch
MPEG
ith
ui
hits
dn
un
u
dcs
aids
NF
min
dp
max
fold
DP
prove
ual
rent
rug
gives
pos
picks
hetter
hesides
anti
tit
tat
hun
rity
tent
led
IV
ding
dave
lat
na
ral
fiers
vention
sor
vir
refine
sig
mise
ence
tor
creating
creat
goes
ered
chose
mostly
mer
ming
py
sets
ger
ting
bind
binds
wel
hears
letting
gather
hope
bare
bones
RR
mit
gai
NT
en
rv
gec
ko
netscape
ax
q
png
dec
w
NTU
ST
mitting
miss
